#
# A fatal error has been detected by the Java Runtime Environment:
#
#  SIGSEGV (0xb) at pc=0x000000010c08793c, pid=50174, tid=18435
#
# JRE version: Java(TM) SE Runtime Environment 18.9 (11.0.15.1+2) (build 11.0.15.1+2-LTS-10)
# Java VM: Java HotSpot(TM) 64-Bit Server VM 18.9 (11.0.15.1+2-LTS-10, mixed mode, tiered, compressed oops, g1 gc, bsd-amd64)
# Problematic frame:
# C  [libjimage.dylib+0x193c]  _ZN12ImageStrings4findEP6EndianPKcPij+0x52
#
# No core dump will be written. Core dumps have been disabled. To enable core dumping, try "ulimit -c unlimited" before starting Java again
#
# If you would like to submit a bug report, please visit:
#   https://bugreport.java.com/bugreport/crash.jsp
#

---------------  S U M M A R Y ------------

Command Line: -agentlib:jdwp=transport=dt_socket,suspend=y,address=localhost:59967 -Dcom.sun.management.jmxremote -Dcom.sun.management.jmxremote.port=59966 -Dcom.sun.management.jmxremote.authenticate=false -Dcom.sun.management.jmxremote.ssl=false -Djava.rmi.server.hostname=localhost -Dspring.jmx.enabled=true -Dspring.application.admin.enabled=true -Djava.security.egd=file:/dev/./urandom -XX:TieredStopAtLevel=1 -Dspring.boot.project.name=RelyingPartyWebsite -javaagent:/Applications/Eclipse.app/Contents/Eclipse/configuration/org.eclipse.osgi/741/0/.cp/lib/javaagent-shaded.jar -Dfile.encoding=UTF-8 com.planetway.relyingpartyapp.RelyingPartyWebsiteApplication

Host: MacBookPro14,1 x86_64 2300 MHz, 4 cores, 8G, Darwin 21.6.0
Time: Thu Oct 20 09:13:03 2022 JST elapsed time: 51048.141214 seconds (0d 14h 10m 48s)

---------------  T H R E A D  ---------------

Current thread (0x00007fdb74022000):  JavaThread "Signal Dispatcher" daemon [_thread_in_vm, id=18435, stack(0x0000700002e9a000,0x0000700002f9a000)]

Stack: [0x0000700002e9a000,0x0000700002f9a000],  sp=0x0000700002f98350,  free space=1016k
Native frames: (J=compiled Java code, j=interpreted, Vv=VM code, C=native code)
C  [libjimage.dylib+0x193c]  _ZN12ImageStrings4findEP6EndianPKcPij+0x52
C  [libjimage.dylib+0x25cc]  _ZNK15ImageFileReader19find_location_indexEPKcPy+0x3e
C  [libjimage.dylib+0x290c]  JIMAGE_FindResource+0xcf
V  [libjvm.dylib+0x1dea13]  _ZN19ClassPathImageEntry11open_streamEPKcP6Thread+0x45
V  [libjvm.dylib+0x1e0ece]  _ZN11ClassLoader10load_classEP6SymbolbP6Thread+0x13e
V  [libjvm.dylib+0x711350]  _ZN16SystemDictionary19load_instance_classEP6Symbol6HandleP6Thread+0x2f6
V  [libjvm.dylib+0x710427]  _ZN16SystemDictionary30resolve_instance_class_or_nullEP6Symbol6HandleS2_P6Thread+0x421
V  [libjvm.dylib+0x70fc61]  _ZN16SystemDictionary15resolve_or_failEP6Symbol6HandleS2_bP6Thread+0x1b
V  [libjvm.dylib+0x24e09c]  _ZN12ConstantPool13klass_at_implERK18constantPoolHandleibP6Thread+0x10a
V  [libjvm.dylib+0x377d25]  _ZN12ConstantPool8klass_atEiP6Thread+0x4d
V  [libjvm.dylib+0x389c93]  _ZN18InterpreterRuntime4_newEP10JavaThreadP12ConstantPooli+0x29
j  jdk.internal.misc.Signal.dispatch(I)V+25 java.base@11.0.15.1
v  ~StubRoutines::call_stub
V  [libjvm.dylib+0x39134f]  _ZN9JavaCalls11call_helperEP9JavaValueRK12methodHandleP17JavaCallArgumentsP6Thread+0x207
V  [libjvm.dylib+0x390cfc]  _ZN9JavaCalls11call_staticEP9JavaValueP5KlassP6SymbolS5_P17JavaCallArgumentsP6Thread+0xaa
V  [libjvm.dylib+0x6376dc]  _ZL19signal_thread_entryP10JavaThreadP6Thread+0x30b
V  [libjvm.dylib+0x737e1a]  _ZN10JavaThread17thread_main_innerEv+0x82
V  [libjvm.dylib+0x737c6b]  _ZN10JavaThread3runEv+0x121
V  [libjvm.dylib+0x735b2e]  _ZN6Thread8call_runEv+0x68
V  [libjvm.dylib+0x63b5b0]  _ZL19thread_native_entryP6Thread+0x136
C  [libsystem_pthread.dylib+0x64e1]  _pthread_start+0x7d
C  [libsystem_pthread.dylib+0x1f6b]  thread_start+0xf

Java frames: (J=compiled Java code, j=interpreted, Vv=VM code)
j  jdk.internal.misc.Signal.dispatch(I)V+25 java.base@11.0.15.1
v  ~StubRoutines::call_stub

siginfo: si_signo: 11 (SIGSEGV), si_code: 1 (SEGV_MAPERR), si_addr: 0x0000000111304928

Register to memory mapping:

RAX=0x000000000001019c is an unknown value
RBX=0x0000700002f98410 is pointing into the stack for thread: 0x00007fdb74022000
RCX=0x0000000076100fa4 is an unknown value
RDX=0x0000000000003e43 is an unknown value
RSP=0x0000700002f98350 is pointing into the stack for thread: 0x00007fdb74022000
RBP=0x0000700002f98360 is pointing into the stack for thread: 0x00007fdb74022000
RSI=0x0000700002f98433 is pointing into the stack for thread: 0x00007fdb74022000
RDI=0x000000010c0892a0: _ZN12NativeEndian7_nativeE+0 in /Library/Java/JavaVirtualMachines/jdk-11.0.15.1.jdk/Contents/Home/lib/libjimage.dylib at 0x000000010c086000
R8 =0x00000001112f501c is an unknown value
R9 =0x000000010d57b025: <offset 0x7b6025> in /Library/Java/JavaVirtualMachines/jdk-11.0.15.1.jdk/Contents/Home/lib/server/libjvm.dylib at 0x000000010cdc5000
R10=0x0 is NULL
R11=0xfffff0248e7933a2 is an unknown value
R12=0x00000001112f501c is an unknown value
R13=0x0000600003b98980 points into unknown readable memory: 0x00001424395c8980 | 80 89 5c 39 24 14 00 00
R14=0x0000000000007553 is an unknown value
R15=0x0000700002f98410 is pointing into the stack for thread: 0x00007fdb74022000


Registers:
RAX=0x000000000001019c, RBX=0x0000700002f98410, RCX=0x0000000076100fa4, RDX=0x0000000000003e43
RSP=0x0000700002f98350, RBP=0x0000700002f98360, RSI=0x0000700002f98433, RDI=0x000000010c0892a0
R8 =0x00000001112f501c, R9 =0x000000010d57b025, R10=0x0000000000000000, R11=0xfffff0248e7933a2
R12=0x00000001112f501c, R13=0x0000600003b98980, R14=0x0000000000007553, R15=0x0000700002f98410
RIP=0x000000010c08793c, EFLAGS=0x0000000000010246, ERR=0x0000000000000004
  TRAPNO=0x000000000000000e

Top of Stack: (sp=0x0000700002f98350)
0x0000700002f98350:   000000010c0892a0 0000700002f994b0
0x0000700002f98360:   0000700002f983e0 000000010c0885cc
0x0000700002f98370:   0000000000000000 0000000000000000
0x0000700002f98380:   0000000000000000 0000000000000000
0x0000700002f98390:   0000000000000000 0000000000000000
0x0000700002f983a0:   0000000000000000 0000000000000000
0x0000700002f983b0:   000000001007ef08 0000000000000000
0x0000700002f983c0:   00007fdb74805070 000000010d5d6508
0x0000700002f983d0:   0000000000000020 0000000000000002
0x0000700002f983e0:   0000700002f99440 000000010c08890c
0x0000700002f983f0:   0000000000000000 0000600003b98980
0x0000700002f98400:   0000700002f994b0 0000000000000022
0x0000700002f98410:   6e692f6b646a2f2f 6d2f6c616e726574
0x0000700002f98420:   6e6769532f637369 616c632e31246c61
0x0000700002f98430:   0000000000007373 0000000000000000
0x0000700002f98440:   0000000000000000 0000000000000000
0x0000700002f98450:   0000000000000000 0000000000000000
0x0000700002f98460:   0000000000000000 0000000000000000
0x0000700002f98470:   0000000000000000 0000000000000000
0x0000700002f98480:   0000000000000000 0000000000000000
0x0000700002f98490:   0000000000000000 0000000000000000
0x0000700002f984a0:   0000000000000000 0000000000000000
0x0000700002f984b0:   0000000000000000 0000000000000000
0x0000700002f984c0:   0000000000000000 0000000000000000
0x0000700002f984d0:   0000000000000000 0000000000000000
0x0000700002f984e0:   0000000000000000 0000000000000000
0x0000700002f984f0:   0000000000000000 0000000000000000
0x0000700002f98500:   0000000000000000 0000000000000000
0x0000700002f98510:   0000000000000000 0000000000000000
0x0000700002f98520:   0000000000000000 0000000000000000
0x0000700002f98530:   0000000000000000 0000000000000000
0x0000700002f98540:   0000000000000000 0000000000000000 

Instructions: (pc=0x000000010c08793c)
0x000000010c08791c:   01 0f b6 c2 31 c8 8a 16 48 ff c6 84 d2 75 ec 25
0x000000010c08792c:   ff ff ff 7f eb 05 b8 93 01 00 01 31 d2 41 f7 f6
0x000000010c08793c:   41 8b 34 90 48 8b 07 ff 50 20 85 c0 7e 2b 8a 0b
0x000000010c08794c:   84 c9 74 17 48 ff c3 69 d0 93 01 00 01 0f b6 c1 

Stack slot to memory mapping:
stack at sp + 0 slots: 0x000000010c0892a0: _ZN12NativeEndian7_nativeE+0 in /Library/Java/JavaVirtualMachines/jdk-11.0.15.1.jdk/Contents/Home/lib/libjimage.dylib at 0x000000010c086000
stack at sp + 1 slots: 0x0000700002f994b0 is pointing into the stack for thread: 0x00007fdb74022000
stack at sp + 2 slots: 0x0000700002f983e0 is pointing into the stack for thread: 0x00007fdb74022000
stack at sp + 3 slots: 0x000000010c0885cc: _ZNK15ImageFileReader19find_location_indexEPKcPy+0x3e in /Library/Java/JavaVirtualMachines/jdk-11.0.15.1.jdk/Contents/Home/lib/libjimage.dylib at 0x000000010c086000
stack at sp + 4 slots: 0x0 is NULL
stack at sp + 5 slots: 0x0 is NULL
stack at sp + 6 slots: 0x0 is NULL
stack at sp + 7 slots: 0x0 is NULL


---------------  P R O C E S S  ---------------

Threads class SMR info:
_java_thread_list=0x00006000012d2200, length=21, elements={
0x00007fdb7503b000, 0x00007fdb758ae800, 0x00007fdb74022000, 0x00007fdb758b0000,
0x00007fdb7381a000, 0x00007fdb758b2800, 0x00007fdb75922800, 0x00007fdb750b2000,
0x00007fdb7402f800, 0x00007fdb752cb800, 0x00007fdb75bff800, 0x00007fdb752d0000,
0x00007fdb752be800, 0x00007fdb76a60800, 0x00007fdb739e2800, 0x00007fdb73a34800,
0x00007fdb7538e000, 0x00007fdb75c10800, 0x00007fdb750a8000, 0x00007fdb75775000,
0x00007fdb75776000
}

Java Threads: ( => current thread )
  0x00007fdb7503b000 JavaThread "Reference Handler" daemon [_thread_blocked, id=15363, stack(0x0000700002b8e000,0x0000700002c8e000)]
  0x00007fdb758ae800 JavaThread "Finalizer" daemon [_thread_blocked, id=15875, stack(0x0000700002c91000,0x0000700002d91000)]
=>0x00007fdb74022000 JavaThread "Signal Dispatcher" daemon [_thread_in_vm, id=18435, stack(0x0000700002e9a000,0x0000700002f9a000)]
  0x00007fdb758b0000 JavaThread "Service Thread" daemon [_thread_blocked, id=21763, stack(0x0000700002f9d000,0x000070000309d000)]
  0x00007fdb7381a000 JavaThread "C1 CompilerThread0" daemon [_thread_blocked, id=43011, stack(0x00007000030a0000,0x00007000031a0000)]
  0x00007fdb758b2800 JavaThread "Sweeper thread" daemon [_thread_blocked, id=42755, stack(0x00007000031a3000,0x00007000032a3000)]
  0x00007fdb75922800 JavaThread "Common-Cleaner" daemon [_thread_blocked, id=42243, stack(0x00007000032a6000,0x00007000033a6000)]
  0x00007fdb750b2000 JavaThread "JDWP Transport Listener: dt_socket" daemon [_thread_in_native, id=23299, stack(0x00007000033a9000,0x00007000034a9000)]
  0x00007fdb7402f800 JavaThread "JDWP Event Helper Thread" daemon [_thread_blocked, id=41475, stack(0x00007000034ac000,0x00007000035ac000)]
  0x00007fdb752cb800 JavaThread "RMI TCP Accept-0" daemon [_thread_in_native, id=24067, stack(0x00007000038b8000,0x00007000039b8000)]
  0x00007fdb75bff800 JavaThread "RMI TCP Accept-59966" daemon [_thread_in_native, id=24579, stack(0x00007000039bb000,0x0000700003abb000)]
  0x00007fdb752d0000 JavaThread "RMI TCP Accept-0" daemon [_thread_in_native, id=38659, stack(0x0000700003abe000,0x0000700003bbe000)]
  0x00007fdb752be800 JavaThread "RMI Scheduler(0)" daemon [_thread_blocked, id=37379, stack(0x0000700003dc7000,0x0000700003ec7000)]
  0x00007fdb76a60800 JavaThread "mysql-cj-abandoned-connection-cleanup" daemon [_thread_blocked, id=28419, stack(0x00007000047e5000,0x00007000048e5000)]
  0x00007fdb739e2800 JavaThread "Live Reload Server" daemon [_thread_in_native, id=87047, stack(0x0000700004df7000,0x0000700004ef7000)]
  0x00007fdb73a34800 JavaThread "DestroyJavaVM" [_thread_blocked, id=6403, stack(0x0000700002479000,0x0000700002579000)]
  0x00007fdb7538e000 JavaThread "RMI TCP Connection(1036)-127.0.0.1" daemon [_thread_in_native, id=52759, stack(0x0000700003cc4000,0x0000700003dc4000)]
  0x00007fdb75c10800 JavaThread "JMX server connection timeout 508" daemon [_thread_blocked, id=35847, stack(0x0000700003eca000,0x0000700003fca000)]
  0x00007fdb750a8000 JavaThread "Thread-207" [_thread_blocked, id=31331, stack(0x0000700003fcd000,0x00007000040cd000)]
  0x00007fdb75775000 JavaThread "restartedMain" [_thread_in_vm, id=25615, stack(0x00007000040d0000,0x00007000041d0000)]
  0x00007fdb75776000 JavaThread "RMI TCP Connection(1037)-127.0.0.1" daemon [_thread_in_native, id=29203, stack(0x00007000041d3000,0x00007000042d3000)]

Other Threads:
  0x00007fdb73816000 VMThread "VM Thread" [stack: 0x0000700002a8b000,0x0000700002b8b000] [id=14595]
  0x00007fdb73938000 WatcherThread [stack: 0x0000700003bc1000,0x0000700003cc1000] [id=38147]
  0x00007fdb7380e000 GCTaskThread "GC Thread#0" [stack: 0x000070000257c000,0x000070000267c000] [id=11779]
  0x00007fdb74066000 GCTaskThread "GC Thread#1" [stack: 0x00007000036b2000,0x00007000037b2000] [id=40451]
  0x00007fdb738c3000 GCTaskThread "GC Thread#2" [stack: 0x00007000037b5000,0x00007000038b5000] [id=39939]
  0x00007fdb75d59000 GCTaskThread "GC Thread#3" [stack: 0x00007000043d9000,0x00007000044d9000] [id=26883]
  0x00007fdb75837800 ConcurrentGCThread "G1 Main Marker" [stack: 0x000070000267f000,0x000070000277f000] [id=20995]
  0x00007fdb75838800 ConcurrentGCThread "G1 Conc#0" [stack: 0x0000700002782000,0x0000700002882000] [id=20483]
  0x00007fdb75879000 ConcurrentGCThread "G1 Refine#0" [stack: 0x0000700002885000,0x0000700002985000] [id=12547]
  0x00007fdb7587a000 ConcurrentGCThread "G1 Young RemSet Sampling" [stack: 0x0000700002988000,0x0000700002a88000] [id=13059]

Threads with active compile tasks:

VM state:not at safepoint (normal execution)

VM Mutex/Monitor currently owned by a thread:  ([mutex/lock_event])
[0x0000600003b9e980] JvmtiThreadState_lock - owner thread: 0x0000000000000000

Heap address: 0x0000000780000000, size: 2048 MB, Compressed Oops mode: Zero based, Oop shift amount: 3
Narrow klass base: 0x0000000800000000, Narrow klass shift: 0
Compressed class space size: 1073741824 Address: 0x0000000800000000

Heap:
 garbage-first heap   total 99328K, used 59205K [0x0000000780000000, 0x0000000800000000)
  region size 1024K, 31 young (31744K), 0 survivors (0K)
 Metaspace       used 79498K, capacity 81510K, committed 82508K, reserved 1120256K
  class space    used 10486K, capacity 11275K, committed 11596K, reserved 1048576K
Heap Regions: E=young(eden), S=young(survivor), O=old, HS=humongous(starts), HC=humongous(continues), CS=collection set, F=free, A=archive, TAMS=top-at-mark-start (previous, next)
|   0|0x0000000780000000, 0x0000000780100000, 0x0000000780100000|100%|HS|  |TAMS 0x0000000780000000, 0x0000000780000000| Untracked 
|   1|0x0000000780100000, 0x00000007801fd708, 0x0000000780200000| 98%| O|  |TAMS 0x0000000780100000, 0x0000000780100000| Untracked 
|   2|0x0000000780200000, 0x00000007802ff5c0, 0x0000000780300000| 99%| O|  |TAMS 0x0000000780200000, 0x0000000780200000| Untracked 
|   3|0x0000000780300000, 0x00000007803fffe8, 0x0000000780400000| 99%| O|  |TAMS 0x0000000780300000, 0x0000000780300000| Untracked 
|   4|0x0000000780400000, 0x0000000780500000, 0x0000000780500000|100%| O|  |TAMS 0x0000000780400000, 0x0000000780400000| Untracked 
|   5|0x0000000780500000, 0x00000007805ffff0, 0x0000000780600000| 99%| O|  |TAMS 0x0000000780500000, 0x0000000780500000| Untracked 
|   6|0x0000000780600000, 0x00000007806fffa0, 0x0000000780700000| 99%| O|  |TAMS 0x0000000780600000, 0x0000000780600000| Untracked 
|   7|0x0000000780700000, 0x00000007807fffa0, 0x0000000780800000| 99%| O|  |TAMS 0x0000000780700000, 0x0000000780700000| Untracked 
|   8|0x0000000780800000, 0x00000007808fffd0, 0x0000000780900000| 99%| O|  |TAMS 0x0000000780800000, 0x0000000780800000| Untracked 
|   9|0x0000000780900000, 0x00000007809fffe8, 0x0000000780a00000| 99%| O|  |TAMS 0x0000000780900000, 0x0000000780900000| Untracked 
|  10|0x0000000780a00000, 0x0000000780afffe0, 0x0000000780b00000| 99%| O|  |TAMS 0x0000000780a00000, 0x0000000780a00000| Untracked 
|  11|0x0000000780b00000, 0x0000000780bfffb0, 0x0000000780c00000| 99%| O|  |TAMS 0x0000000780b00000, 0x0000000780b00000| Untracked 
|  12|0x0000000780c00000, 0x0000000780cffff0, 0x0000000780d00000| 99%| O|  |TAMS 0x0000000780c00000, 0x0000000780c00000| Untracked 
|  13|0x0000000780d00000, 0x0000000780dfccb0, 0x0000000780e00000| 98%| O|  |TAMS 0x0000000780d00000, 0x0000000780d00000| Untracked 
|  14|0x0000000780e00000, 0x0000000780f00000, 0x0000000780f00000|100%| O|  |TAMS 0x0000000780e00000, 0x0000000780e00000| Untracked 
|  15|0x0000000780f00000, 0x0000000780ffe888, 0x0000000781000000| 99%| O|  |TAMS 0x0000000780f00000, 0x0000000780f00000| Untracked 
|  16|0x0000000781000000, 0x00000007810ffff0, 0x0000000781100000| 99%| O|  |TAMS 0x0000000781000000, 0x0000000781000000| Untracked 
|  17|0x0000000781100000, 0x00000007811fff90, 0x0000000781200000| 99%| O|  |TAMS 0x0000000781100000, 0x0000000781100000| Untracked 
|  18|0x0000000781200000, 0x0000000781300000, 0x0000000781300000|100%| O|  |TAMS 0x0000000781200000, 0x0000000781200000| Untracked 
|  19|0x0000000781300000, 0x00000007813ffcf0, 0x0000000781400000| 99%| O|  |TAMS 0x0000000781300000, 0x0000000781300000| Untracked 
|  20|0x0000000781400000, 0x00000007814ffff0, 0x0000000781500000| 99%| O|  |TAMS 0x0000000781400000, 0x0000000781400000| Untracked 
|  21|0x0000000781500000, 0x00000007815ff178, 0x0000000781600000| 99%| O|  |TAMS 0x0000000781500000, 0x0000000781500000| Untracked 
|  22|0x0000000781600000, 0x00000007816f7588, 0x0000000781700000| 96%| O|  |TAMS 0x0000000781600000, 0x0000000781600000| Untracked 
|  23|0x0000000781700000, 0x00000007817fffe0, 0x0000000781800000| 99%| O|  |TAMS 0x0000000781700000, 0x0000000781700000| Untracked 
|  24|0x0000000781800000, 0x00000007818ffff0, 0x0000000781900000| 99%| O|  |TAMS 0x0000000781800000, 0x0000000781800000| Untracked 
|  25|0x0000000781900000, 0x00000007819fffe0, 0x0000000781a00000| 99%| O|  |TAMS 0x0000000781900000, 0x0000000781900000| Untracked 
|  26|0x0000000781a00000, 0x0000000781afbab0, 0x0000000781b00000| 98%| O|  |TAMS 0x0000000781a00000, 0x0000000781a00000| Untracked 
|  27|0x0000000781b00000, 0x0000000781b08dc8, 0x0000000781c00000|  3%| O|  |TAMS 0x0000000781b00000, 0x0000000781b00000| Untracked 
|  28|0x0000000781c00000, 0x0000000781cdebc8, 0x0000000781d00000| 87%| O|  |TAMS 0x0000000781c00000, 0x0000000781c00000| Untracked 
|  29|0x0000000781d00000, 0x0000000781d00000, 0x0000000781e00000|  0%| F|  |TAMS 0x0000000781d00000, 0x0000000781d00000| Untracked 
|  30|0x0000000781e00000, 0x0000000781e00000, 0x0000000781f00000|  0%| F|  |TAMS 0x0000000781e00000, 0x0000000781e00000| Untracked 
|  31|0x0000000781f00000, 0x0000000781f00000, 0x0000000782000000|  0%| F|  |TAMS 0x0000000781f00000, 0x0000000781f00000| Untracked 
|  32|0x0000000782000000, 0x0000000782000000, 0x0000000782100000|  0%| F|  |TAMS 0x0000000782000000, 0x0000000782000000| Untracked 
|  33|0x0000000782100000, 0x0000000782100000, 0x0000000782200000|  0%| F|  |TAMS 0x0000000782100000, 0x0000000782100000| Untracked 
|  34|0x0000000782200000, 0x0000000782200000, 0x0000000782300000|  0%| F|  |TAMS 0x0000000782200000, 0x0000000782200000| Untracked 
|  35|0x0000000782300000, 0x0000000782300000, 0x0000000782400000|  0%| F|  |TAMS 0x0000000782300000, 0x0000000782300000| Untracked 
|  36|0x0000000782400000, 0x0000000782400000, 0x0000000782500000|  0%| F|  |TAMS 0x0000000782400000, 0x0000000782400000| Untracked 
|  37|0x0000000782500000, 0x0000000782500000, 0x0000000782600000|  0%| F|  |TAMS 0x0000000782500000, 0x0000000782500000| Untracked 
|  38|0x0000000782600000, 0x0000000782600000, 0x0000000782700000|  0%| F|  |TAMS 0x0000000782600000, 0x0000000782600000| Untracked 
|  39|0x0000000782700000, 0x0000000782700000, 0x0000000782800000|  0%| F|  |TAMS 0x0000000782700000, 0x0000000782700000| Untracked 
|  40|0x0000000782800000, 0x0000000782800000, 0x0000000782900000|  0%| F|  |TAMS 0x0000000782800000, 0x0000000782800000| Untracked 
|  41|0x0000000782900000, 0x0000000782900000, 0x0000000782a00000|  0%| F|  |TAMS 0x0000000782900000, 0x0000000782900000| Untracked 
|  42|0x0000000782a00000, 0x0000000782a00000, 0x0000000782b00000|  0%| F|  |TAMS 0x0000000782a00000, 0x0000000782a00000| Untracked 
|  43|0x0000000782b00000, 0x0000000782b00000, 0x0000000782c00000|  0%| F|  |TAMS 0x0000000782b00000, 0x0000000782b00000| Untracked 
|  44|0x0000000782c00000, 0x0000000782c00000, 0x0000000782d00000|  0%| F|  |TAMS 0x0000000782c00000, 0x0000000782c00000| Untracked 
|  45|0x0000000782d00000, 0x0000000782d00000, 0x0000000782e00000|  0%| F|  |TAMS 0x0000000782d00000, 0x0000000782d00000| Untracked 
|  46|0x0000000782e00000, 0x0000000782e00000, 0x0000000782f00000|  0%| F|  |TAMS 0x0000000782e00000, 0x0000000782e00000| Untracked 
|  47|0x0000000782f00000, 0x0000000782f00000, 0x0000000783000000|  0%| F|  |TAMS 0x0000000782f00000, 0x0000000782f00000| Untracked 
|  48|0x0000000783000000, 0x0000000783000000, 0x0000000783100000|  0%| F|  |TAMS 0x0000000783000000, 0x0000000783000000| Untracked 
|  49|0x0000000783100000, 0x0000000783100000, 0x0000000783200000|  0%| F|  |TAMS 0x0000000783100000, 0x0000000783100000| Untracked 
|  50|0x0000000783200000, 0x0000000783200000, 0x0000000783300000|  0%| F|  |TAMS 0x0000000783200000, 0x0000000783200000| Untracked 
|  51|0x0000000783300000, 0x0000000783300000, 0x0000000783400000|  0%| F|  |TAMS 0x0000000783300000, 0x0000000783300000| Untracked 
|  52|0x0000000783400000, 0x0000000783400000, 0x0000000783500000|  0%| F|  |TAMS 0x0000000783400000, 0x0000000783400000| Untracked 
|  53|0x0000000783500000, 0x0000000783500000, 0x0000000783600000|  0%| F|  |TAMS 0x0000000783500000, 0x0000000783500000| Untracked 
|  54|0x0000000783600000, 0x0000000783600000, 0x0000000783700000|  0%| F|  |TAMS 0x0000000783600000, 0x0000000783600000| Untracked 
|  55|0x0000000783700000, 0x0000000783700000, 0x0000000783800000|  0%| F|  |TAMS 0x0000000783700000, 0x0000000783700000| Untracked 
|  56|0x0000000783800000, 0x0000000783800000, 0x0000000783900000|  0%| F|  |TAMS 0x0000000783800000, 0x0000000783800000| Untracked 
|  57|0x0000000783900000, 0x0000000783900000, 0x0000000783a00000|  0%| F|  |TAMS 0x0000000783900000, 0x0000000783900000| Untracked 
|  58|0x0000000783a00000, 0x0000000783a00000, 0x0000000783b00000|  0%| F|  |TAMS 0x0000000783a00000, 0x0000000783a00000| Untracked 
|  59|0x0000000783b00000, 0x0000000783b00000, 0x0000000783c00000|  0%| F|  |TAMS 0x0000000783b00000, 0x0000000783b00000| Untracked 
|  60|0x0000000783c00000, 0x0000000783c00000, 0x0000000783d00000|  0%| F|  |TAMS 0x0000000783c00000, 0x0000000783c00000| Untracked 
|  61|0x0000000783d00000, 0x0000000783d00000, 0x0000000783e00000|  0%| F|  |TAMS 0x0000000783d00000, 0x0000000783d00000| Untracked 
|  62|0x0000000783e00000, 0x0000000783e00000, 0x0000000783f00000|  0%| F|  |TAMS 0x0000000783e00000, 0x0000000783e00000| Untracked 
|  63|0x0000000783f00000, 0x0000000783f00000, 0x0000000784000000|  0%| F|  |TAMS 0x0000000783f00000, 0x0000000783f00000| Untracked 
|  64|0x0000000784000000, 0x0000000784000000, 0x0000000784100000|  0%| F|  |TAMS 0x0000000784000000, 0x0000000784000000| Untracked 
|  65|0x0000000784100000, 0x0000000784100000, 0x0000000784200000|  0%| F|  |TAMS 0x0000000784100000, 0x0000000784100000| Untracked 
|  66|0x0000000784200000, 0x00000007842f46a8, 0x0000000784300000| 95%| E|  |TAMS 0x0000000784200000, 0x0000000784200000| Complete 
|  67|0x0000000784300000, 0x0000000784400000, 0x0000000784400000|100%| E|CS|TAMS 0x0000000784300000, 0x0000000784300000| Complete 
|  68|0x0000000784400000, 0x0000000784500000, 0x0000000784500000|100%| E|CS|TAMS 0x0000000784400000, 0x0000000784400000| Complete 
|  69|0x0000000784500000, 0x0000000784600000, 0x0000000784600000|100%| E|CS|TAMS 0x0000000784500000, 0x0000000784500000| Complete 
|  70|0x0000000784600000, 0x0000000784700000, 0x0000000784700000|100%| E|CS|TAMS 0x0000000784600000, 0x0000000784600000| Complete 
|  71|0x0000000784700000, 0x0000000784800000, 0x0000000784800000|100%| E|CS|TAMS 0x0000000784700000, 0x0000000784700000| Complete 
|  72|0x0000000784800000, 0x0000000784900000, 0x0000000784900000|100%| E|CS|TAMS 0x0000000784800000, 0x0000000784800000| Complete 
|  73|0x0000000784900000, 0x0000000784a00000, 0x0000000784a00000|100%| E|CS|TAMS 0x0000000784900000, 0x0000000784900000| Complete 
|  74|0x0000000784a00000, 0x0000000784b00000, 0x0000000784b00000|100%| E|CS|TAMS 0x0000000784a00000, 0x0000000784a00000| Complete 
|  75|0x0000000784b00000, 0x0000000784c00000, 0x0000000784c00000|100%| E|CS|TAMS 0x0000000784b00000, 0x0000000784b00000| Complete 
|  76|0x0000000784c00000, 0x0000000784d00000, 0x0000000784d00000|100%| E|CS|TAMS 0x0000000784c00000, 0x0000000784c00000| Complete 
|  77|0x0000000784d00000, 0x0000000784e00000, 0x0000000784e00000|100%| E|CS|TAMS 0x0000000784d00000, 0x0000000784d00000| Complete 
|  78|0x0000000784e00000, 0x0000000784f00000, 0x0000000784f00000|100%| E|CS|TAMS 0x0000000784e00000, 0x0000000784e00000| Complete 
|  79|0x0000000784f00000, 0x0000000785000000, 0x0000000785000000|100%| E|CS|TAMS 0x0000000784f00000, 0x0000000784f00000| Complete 
|  80|0x0000000785000000, 0x0000000785100000, 0x0000000785100000|100%| E|CS|TAMS 0x0000000785000000, 0x0000000785000000| Complete 
|  81|0x0000000785100000, 0x0000000785200000, 0x0000000785200000|100%| E|CS|TAMS 0x0000000785100000, 0x0000000785100000| Complete 
|  82|0x0000000785200000, 0x0000000785300000, 0x0000000785300000|100%| E|CS|TAMS 0x0000000785200000, 0x0000000785200000| Complete 
|  83|0x0000000785300000, 0x0000000785400000, 0x0000000785400000|100%| E|CS|TAMS 0x0000000785300000, 0x0000000785300000| Complete 
|  84|0x0000000785400000, 0x0000000785500000, 0x0000000785500000|100%| E|CS|TAMS 0x0000000785400000, 0x0000000785400000| Complete 
|  85|0x0000000785500000, 0x0000000785600000, 0x0000000785600000|100%| E|CS|TAMS 0x0000000785500000, 0x0000000785500000| Complete 
|  86|0x0000000785600000, 0x0000000785700000, 0x0000000785700000|100%| E|CS|TAMS 0x0000000785600000, 0x0000000785600000| Complete 
|  87|0x0000000785700000, 0x0000000785800000, 0x0000000785800000|100%| E|CS|TAMS 0x0000000785700000, 0x0000000785700000| Complete 
|  88|0x0000000785800000, 0x0000000785900000, 0x0000000785900000|100%| E|CS|TAMS 0x0000000785800000, 0x0000000785800000| Complete 
|  89|0x0000000785900000, 0x0000000785a00000, 0x0000000785a00000|100%| E|CS|TAMS 0x0000000785900000, 0x0000000785900000| Complete 
|  90|0x0000000785a00000, 0x0000000785b00000, 0x0000000785b00000|100%| E|CS|TAMS 0x0000000785a00000, 0x0000000785a00000| Complete 
|  91|0x0000000785b00000, 0x0000000785c00000, 0x0000000785c00000|100%| E|CS|TAMS 0x0000000785b00000, 0x0000000785b00000| Complete 
|  92|0x0000000785c00000, 0x0000000785d00000, 0x0000000785d00000|100%| E|CS|TAMS 0x0000000785c00000, 0x0000000785c00000| Complete 
|  93|0x0000000785d00000, 0x0000000785e00000, 0x0000000785e00000|100%| E|CS|TAMS 0x0000000785d00000, 0x0000000785d00000| Complete 
|  94|0x0000000785e00000, 0x0000000785f00000, 0x0000000785f00000|100%| E|CS|TAMS 0x0000000785e00000, 0x0000000785e00000| Complete 
|  95|0x0000000785f00000, 0x0000000786000000, 0x0000000786000000|100%| E|CS|TAMS 0x0000000785f00000, 0x0000000785f00000| Complete 
|  96|0x0000000786000000, 0x0000000786100000, 0x0000000786100000|100%| E|CS|TAMS 0x0000000786000000, 0x0000000786000000| Complete 

Card table byte_map: [0x000000010c76a000,0x000000010cb6a000] _byte_map_base: 0x0000000108b6a000

Marking Bits (Prev, Next): (CMBitMap*) 0x00007fdb7582f018, (CMBitMap*) 0x00007fdb7582f050
 Prev Bits: [0x000000010df6f000, 0x000000010ff6f000)
 Next Bits: [0x000000012797e000, 0x000000012997e000)

Polling page: 0x000000010c067000

Metaspace:

Usage:
  Non-class:     68.59 MB capacity,    67.39 MB ( 98%) used,   990.66 KB (  1%) free+waste,   231.88 KB ( <1%) overhead. 
      Class:     11.01 MB capacity,    10.24 MB ( 93%) used,   679.22 KB (  6%) free+waste,   109.44 KB ( <1%) overhead. 
       Both:     79.60 MB capacity,    77.64 MB ( 98%) used,     1.63 MB (  2%) free+waste,   341.31 KB ( <1%) overhead. 

Virtual space:
  Non-class space:       70.00 MB reserved,      69.25 MB ( 99%) committed 
      Class space:        1.00 GB reserved,      11.32 MB (  1%) committed 
             Both:        1.07 GB reserved,      80.57 MB (  7%) committed 

Chunk freelists:
   Non-Class:  70.62 KB
       Class:  30.62 KB
        Both:  101.25 KB

CodeHeap 'non-profiled nmethods': size=238948Kb used=16409Kb max_used=16409Kb free=222538Kb
 bounds [0x0000000119025000, 0x000000011a035000, 0x000000012797e000]
CodeHeap 'non-nmethods': size=6812Kb used=1342Kb max_used=1342Kb free=5470Kb
 bounds [0x000000011897e000, 0x0000000118bee000, 0x0000000119025000]
 total_blobs=9971 nmethods=9301 adapters=604
 compilation: enabled
              stopped_count=0, restarted_count=0
 full_count=0

Compilation events (10 events):
Event: 51048.089 Thread 0x00007fdb7381a000 9305       1       java.lang.Class::searchFields (43 bytes)
Event: 51048.090 Thread 0x00007fdb7381a000 nmethod 9305 0x000000011a029f10 code [0x000000011a02a0c0, 0x000000011a02a200]
Event: 51048.090 Thread 0x00007fdb7381a000 9306       1       java.util.ComparableTimSort::sort (219 bytes)
Event: 51048.091 Thread 0x00007fdb7381a000 nmethod 9306 0x000000011a02a390 code [0x000000011a02a5a0, 0x000000011a02a990]
Event: 51048.093 Thread 0x00007fdb7381a000 9307       1       java.lang.Class::getDeclaredFields (27 bytes)
Event: 51048.093 Thread 0x00007fdb7381a000 nmethod 9307 0x000000011a02ad10 code [0x000000011a02aee0, 0x000000011a02b050]
Event: 51048.093 Thread 0x00007fdb7381a000 9308       1       org.springframework.context.annotation.ConditionEvaluator$ConditionContextImpl::getEnvironment (5 bytes)
Event: 51048.094 Thread 0x00007fdb7381a000 nmethod 9308 0x000000011a02b110 code [0x000000011a02b2a0, 0x000000011a02b350]
Event: 51048.099 Thread 0x00007fdb7381a000 9309       1       java.io.ObjectStreamField::getOffset (5 bytes)
Event: 51048.099 Thread 0x00007fdb7381a000 nmethod 9309 0x000000011a02b410 code [0x000000011a02b5a0, 0x000000011a02b650]

GC Heap History (10 events):
Event: 49088.211 GC heap before
{Heap before GC invocations=120 (full 1):
 garbage-first heap   total 109568K, used 92663K [0x0000000780000000, 0x0000000800000000)
  region size 1024K, 53 young (54272K), 1 survivors (1024K)
 Metaspace       used 79894K, capacity 82126K, committed 82508K, reserved 1120256K
  class space    used 10592K, capacity 11465K, committed 11596K, reserved 1048576K
}
Event: 49088.215 GC heap after
{Heap after GC invocations=121 (full 1):
 garbage-first heap   total 109568K, used 39248K [0x0000000780000000, 0x0000000800000000)
  region size 1024K, 1 young (1024K), 1 survivors (1024K)
 Metaspace       used 79894K, capacity 82126K, committed 82508K, reserved 1120256K
  class space    used 10592K, capacity 11465K, committed 11596K, reserved 1048576K
}
Event: 49589.494 GC heap before
{Heap before GC invocations=121 (full 1):
 garbage-first heap   total 109568K, used 92496K [0x0000000780000000, 0x0000000800000000)
  region size 1024K, 53 young (54272K), 1 survivors (1024K)
 Metaspace       used 79894K, capacity 82126K, committed 82508K, reserved 1120256K
  class space    used 10592K, capacity 11465K, committed 11596K, reserved 1048576K
}
Event: 49589.496 GC heap after
{Heap after GC invocations=122 (full 1):
 garbage-first heap   total 109568K, used 39238K [0x0000000780000000, 0x0000000800000000)
  region size 1024K, 1 young (1024K), 1 survivors (1024K)
 Metaspace       used 79894K, capacity 82126K, committed 82508K, reserved 1120256K
  class space    used 10592K, capacity 11465K, committed 11596K, reserved 1048576K
}
Event: 50076.313 GC heap before
{Heap before GC invocations=122 (full 1):
 garbage-first heap   total 109568K, used 92486K [0x0000000780000000, 0x0000000800000000)
  region size 1024K, 53 young (54272K), 1 survivors (1024K)
 Metaspace       used 79894K, capacity 82126K, committed 82508K, reserved 1120256K
  class space    used 10592K, capacity 11465K, committed 11596K, reserved 1048576K
}
Event: 50076.315 GC heap after
{Heap after GC invocations=123 (full 1):
 garbage-first heap   total 109568K, used 39434K [0x0000000780000000, 0x0000000800000000)
  region size 1024K, 1 young (1024K), 1 survivors (1024K)
 Metaspace       used 79894K, capacity 82126K, committed 82508K, reserved 1120256K
  class space    used 10592K, capacity 11465K, committed 11596K, reserved 1048576K
}
Event: 50583.065 GC heap before
{Heap before GC invocations=123 (full 1):
 garbage-first heap   total 109568K, used 92682K [0x0000000780000000, 0x0000000800000000)
  region size 1024K, 53 young (54272K), 1 survivors (1024K)
 Metaspace       used 79894K, capacity 82126K, committed 82508K, reserved 1120256K
  class space    used 10592K, capacity 11465K, committed 11596K, reserved 1048576K
}
Event: 50583.069 GC heap after
{Heap after GC invocations=124 (full 1):
 garbage-first heap   total 109568K, used 39255K [0x0000000780000000, 0x0000000800000000)
  region size 1024K, 1 young (1024K), 1 survivors (1024K)
 Metaspace       used 79894K, capacity 82126K, committed 82508K, reserved 1120256K
  class space    used 10592K, capacity 11465K, committed 11596K, reserved 1048576K
}
Event: 51047.295 GC heap before
{Heap before GC invocations=124 (full 1):
 garbage-first heap   total 109568K, used 89431K [0x0000000780000000, 0x0000000800000000)
  region size 1024K, 51 young (52224K), 1 survivors (1024K)
 Metaspace       used 79935K, capacity 82197K, committed 82508K, reserved 1120256K
  class space    used 10593K, capacity 11467K, committed 11596K, reserved 1048576K
}
Event: 51047.554 GC heap after
{Heap after GC invocations=125 (full 2):
 garbage-first heap   total 99328K, used 28485K [0x0000000780000000, 0x0000000800000000)
  region size 1024K, 0 young (0K), 0 survivors (0K)
 Metaspace       used 79335K, capacity 81264K, committed 82508K, reserved 1120256K
  class space    used 10460K, capacity 11211K, committed 11596K, reserved 1048576K
}

Deoptimization events (0 events):
No events

Classes redefined (3 events):
Event: 257.725 Thread 0x00007fdb73816000 redefined class name=com.planetway.relyingpartyapp.service.PCoreService, count=1
Event: 51046.898 Thread 0x00007fdb73816000 redefined class name=com.planetway.relyingpartyapp.web.ConsentController, count=1
Event: 51046.976 Thread 0x00007fdb73816000 redefined class name=com.planetway.relyingpartyapp.web.ConsentController, count=1

Internal exceptions (10 events):
Event: 3668.457 Thread 0x00007fdb75776000 Exception <a 'java/lang/ClassNotFoundException'{0x0000000786205518}: i18n/messages/errors_ja> (0x0000000786205518) thrown at [./open/src/hotspot/share/prims/jni.cpp, line 632]
Event: 13886.265 Thread 0x00007fdb75776000 Exception <a 'java/lang/NoSuchMethodError'{0x00000007863269a8}: java.lang.invoke.DirectMethodHandle$Holder.invokeStatic(Ljava/lang/Object;Ljava/lang/Object;Ljava/lang/Object;Ljava/lang/Object;Ljava/lang/Object;)I> (0x00000007863269a8) thrown at [./open/sr
Event: 13886.275 Thread 0x00007fdb75776000 Exception <a 'java/lang/NoSuchMethodError'{0x00000007863481d8}: java.lang.invoke.DirectMethodHandle$Holder.invokeStatic(Ljava/lang/Object;Ljava/lang/Object;J)Ljava/lang/Object;> (0x00000007863481d8) thrown at [./open/src/hotspot/share/interpreter/linkReso
Event: 13886.348 Thread 0x00007fdb75776000 Exception <a 'java/lang/ClassNotFoundException'{0x00000007860305a8}: java/lang/ObjectCustomizer> (0x00000007860305a8) thrown at [./open/src/hotspot/share/classfile/systemDictionary.cpp, line 226]
Event: 13886.351 Thread 0x00007fdb75776000 Exception <a 'java/lang/ClassNotFoundException'{0x000000078604ed90}: com/planetway/relyingpartyapp/model/PlanetIdEntityCustomizer> (0x000000078604ed90) thrown at [./open/src/hotspot/share/classfile/systemDictionary.cpp, line 226]
Event: 51047.260 Thread 0x00007fdb76b66800 Exception <a 'java/lang/InterruptedException'{0x0000000783365520}: sleep interrupted> (0x0000000783365520) thrown at [./open/src/hotspot/share/prims/jvm.cpp, line 3124]
Event: 51047.613 Thread 0x00007fdb75775000 Exception <a 'java/io/FileNotFoundException'{0x0000000785f4e2c0}> (0x0000000785f4e2c0) thrown at [./open/src/hotspot/share/prims/jni.cpp, line 611]
Event: 51048.091 Thread 0x00007fdb75776000 Exception <a 'java/security/PrivilegedActionException'{0x000000078486b2a0}> (0x000000078486b2a0) thrown at [./open/src/hotspot/share/prims/jvm.cpp, line 1305]
Event: 51048.097 Thread 0x00007fdb75776000 Exception <a 'java/lang/NoSuchMethodError'{0x0000000784635d60}: static [Ljava/lang/StackTraceElement;.<clinit>()V> (0x0000000784635d60) thrown at [./open/src/hotspot/share/prims/jni.cpp, line 1366]
Event: 51048.123 Thread 0x00007fdb75776000 Exception <a 'java/security/PrivilegedActionException'{0x00000007844648e0}> (0x00000007844648e0) thrown at [./open/src/hotspot/share/prims/jvm.cpp, line 1305]

Events (10 events):
Event: 51048.123 Thread 0x00007fdb75776000 DEOPT PACKING pc=0x0000000119e352b4 sp=0x00007000042cf280
Event: 51048.123 Thread 0x00007fdb75776000 DEOPT UNPACKING pc=0x00000001189b4bca sp=0x00007000042ce848 mode 1
Event: 51048.124 Thread 0x00007fdb741b4800 Thread exited: 0x00007fdb741b4800
Event: 51048.127 Thread 0x00007fdb75775000 DEOPT PACKING pc=0x00000001194395b1 sp=0x00007000041ccbd0
Event: 51048.127 Thread 0x00007fdb75775000 DEOPT UNPACKING pc=0x00000001189b4bca sp=0x00007000041cc0b8 mode 1
Event: 51048.127 Thread 0x00007fdb75775000 DEOPT PACKING pc=0x0000000119438ce4 sp=0x00007000041ccc50
Event: 51048.127 Thread 0x00007fdb75775000 DEOPT UNPACKING pc=0x00000001189b4bca sp=0x00007000041cc118 mode 1
Event: 51048.127 Thread 0x00007fdb75775000 DEOPT PACKING pc=0x000000011a01fd8c sp=0x00007000041cccb0
Event: 51048.127 Thread 0x00007fdb75775000 DEOPT UNPACKING pc=0x00000001189b4bca sp=0x00007000041cc220 mode 1
Event: 51048.128 loading class jdk/internal/misc/Signal$1


Dynamic libraries:
0x000000010c048000 	/Library/Java/JavaVirtualMachines/jdk-11.0.15.1.jdk/Contents/Home/lib/jli/libjli.dylib
0x00007ff8331b7000 	/System/Library/Frameworks/Cocoa.framework/Versions/A/Cocoa
0x00007ff81ee0f000 	/System/Library/Frameworks/AppKit.framework/Versions/C/AppKit
0x00007ff822326000 	/System/Library/Frameworks/CoreData.framework/Versions/A/CoreData
0x00007ff81d212000 	/System/Library/Frameworks/Foundation.framework/Versions/C/Foundation
0x00007ff827148000 	/usr/lib/libSystem.B.dylib
0x00007ff81fc9f000 	/System/Library/PrivateFrameworks/UIFoundation.framework/Versions/A/UIFoundation
0x00007ff82d0b9000 	/System/Library/PrivateFrameworks/RemoteViewServices.framework/Versions/A/RemoteViewServices
0x00007ff82539c000 	/System/Library/PrivateFrameworks/XCTTargetBootstrap.framework/Versions/A/XCTTargetBootstrap
0x00007ff828f4f000 	/System/Library/PrivateFrameworks/InternationalSupport.framework/Versions/A/InternationalSupport
0x00007ff828fd9000 	/System/Library/PrivateFrameworks/UserActivity.framework/Versions/A/UserActivity
0x00007ff82832f000 	/usr/lib/libspindump.dylib
0x00007ff81ff2e000 	/System/Library/Frameworks/UniformTypeIdentifiers.framework/Versions/A/UniformTypeIdentifiers
0x00007ff823ac0000 	/usr/lib/libapp_launch_measurement.dylib
0x00007ff822cf8000 	/System/Library/PrivateFrameworks/CoreAnalytics.framework/Versions/A/CoreAnalytics
0x00007ff823ac3000 	/System/Library/PrivateFrameworks/CoreAutoLayout.framework/Versions/A/CoreAutoLayout
0x00007ff824cf3000 	/System/Library/Frameworks/Metal.framework/Versions/A/Metal
0x00007ff825a22000 	/usr/lib/liblangid.dylib
0x00007ff8253a1000 	/System/Library/PrivateFrameworks/CoreSVG.framework/Versions/A/CoreSVG
0x00007ff82131a000 	/System/Library/PrivateFrameworks/SkyLight.framework/Versions/A/SkyLight
0x00007ff8216b9000 	/System/Library/Frameworks/CoreGraphics.framework/Versions/A/CoreGraphics
0x00007ff82d779000 	/System/Library/Frameworks/Accelerate.framework/Versions/A/Accelerate
0x00007ff827dae000 	/System/Library/PrivateFrameworks/IconServices.framework/Versions/A/IconServices
0x00007ff824cd8000 	/System/Library/Frameworks/IOSurface.framework/Versions/A/IOSurface
0x00007ff822d26000 	/usr/lib/libDiagnosticMessagesClient.dylib
0x00007ff827068000 	/usr/lib/libz.1.dylib
0x00007ff830e5b000 	/System/Library/Frameworks/ApplicationServices.framework/Versions/A/ApplicationServices
0x00007ff825388000 	/System/Library/PrivateFrameworks/DFRFoundation.framework/Versions/A/DFRFoundation
0x00007ff81e6f7000 	/usr/lib/libicucore.A.dylib
0x00007ff829d45000 	/System/Library/Frameworks/AudioToolbox.framework/Versions/A/AudioToolbox
0x00007ff828f5b000 	/System/Library/PrivateFrameworks/DataDetectorsCore.framework/Versions/A/DataDetectorsCore
0x00007ff925459000 	/System/Library/PrivateFrameworks/TextInput.framework/Versions/A/TextInput
0x00007ff82129d000 	/usr/lib/libMobileGestalt.dylib
0x00007ff825094000 	/System/Library/Frameworks/Carbon.framework/Versions/A/Frameworks/HIToolbox.framework/Versions/A/HIToolbox
0x00007ff8234c3000 	/System/Library/Frameworks/QuartzCore.framework/Versions/A/QuartzCore
0x00007ff81e39c000 	/System/Library/Frameworks/Security.framework/Versions/A/Security
0x00007ff82d0f1000 	/System/Library/Frameworks/Carbon.framework/Versions/A/Frameworks/SpeechRecognition.framework/Versions/A/SpeechRecognition
0x00007ff823820000 	/System/Library/PrivateFrameworks/CoreUI.framework/Versions/A/CoreUI
0x00007ff81dc66000 	/System/Library/Frameworks/CoreAudio.framework/Versions/A/CoreAudio
0x00007ff822e15000 	/System/Library/Frameworks/DiskArbitration.framework/Versions/A/DiskArbitration
0x00007ff82871d000 	/System/Library/PrivateFrameworks/MultitouchSupport.framework/Versions/A/MultitouchSupport
0x00007ff82129c000 	/usr/lib/libenergytrace.dylib
0x00007ff81ecfb000 	/System/Library/Frameworks/IOKit.framework/Versions/A/IOKit
0x00007ff82d4e1000 	/System/Library/Frameworks/CoreServices.framework/Versions/A/CoreServices
0x00007ff823a5a000 	/System/Library/PrivateFrameworks/PerformanceAnalysis.framework/Versions/A/PerformanceAnalysis
0x00007ffa3513b000 	/System/Library/Frameworks/OpenGL.framework/Versions/A/OpenGL
0x00007ff826684000 	/System/Library/PrivateFrameworks/MobileKeyBag.framework/Versions/A/MobileKeyBag
0x00007ff81c1dc000 	/usr/lib/libobjc.A.dylib
0x00007ff821d85000 	/System/Library/Frameworks/ColorSync.framework/Versions/A/ColorSync
0x00007ff81c396000 	/System/Library/Frameworks/CoreFoundation.framework/Versions/A/CoreFoundation
0x00007ff825618000 	/System/Library/Frameworks/CoreImage.framework/Versions/A/CoreImage
0x00007ff81da7a000 	/System/Library/Frameworks/CoreText.framework/Versions/A/CoreText
0x00007ff8253d1000 	/System/Library/Frameworks/ImageIO.framework/Versions/A/ImageIO
0x00007ff82714e000 	/System/Library/PrivateFrameworks/SoftLinking.framework/Versions/A/SoftLinking
0x00007ff823b0b000 	/usr/lib/libxml2.2.dylib
0x00007ff81c2a2000 	/usr/lib/libc++.1.dylib
0x00007ff8273d2000 	/usr/lib/libcompression.dylib
0x00007ff828e82000 	/System/Library/PrivateFrameworks/TextureIO.framework/Versions/A/TextureIO
0x00007ff827ac0000 	/usr/lib/libate.dylib
0x00007ff827143000 	/usr/lib/system/libcache.dylib
0x00007ff8270ff000 	/usr/lib/system/libcommonCrypto.dylib
0x00007ff827128000 	/usr/lib/system/libcompiler_rt.dylib
0x00007ff82711e000 	/usr/lib/system/libcopyfile.dylib
0x00007ff81c0d7000 	/usr/lib/system/libcorecrypto.dylib
0x00007ff81c195000 	/usr/lib/system/libdispatch.dylib
0x00007ff81c355000 	/usr/lib/system/libdyld.dylib
0x00007ff82713a000 	/usr/lib/system/libkeymgr.dylib
0x00007ff8270dd000 	/usr/lib/system/libmacho.dylib
0x00007ff82675e000 	/usr/lib/system/libquarantine.dylib
0x00007ff827138000 	/usr/lib/system/libremovefile.dylib
0x00007ff8212ea000 	/usr/lib/system/libsystem_asl.dylib
0x00007ff81c080000 	/usr/lib/system/libsystem_blocks.dylib
0x00007ff81c219000 	/usr/lib/system/libsystem_c.dylib
0x00007ff827130000 	/usr/lib/system/libsystem_collections.dylib
0x00007ff825a12000 	/usr/lib/system/libsystem_configuration.dylib
0x00007ff824cbb000 	/usr/lib/system/libsystem_containermanager.dylib
0x00007ff826e15000 	/usr/lib/system/libsystem_coreservices.dylib
0x00007ff81e98b000 	/usr/lib/system/libsystem_darwin.dylib
0x00007ff82713b000 	/usr/lib/system/libsystem_dnssd.dylib
0x00007ff81c216000 	/usr/lib/system/libsystem_featureflags.dylib
0x00007ff81c36b000 	/usr/lib/system/libsystem_info.dylib
0x00007ff82707b000 	/usr/lib/system/libsystem_m.dylib
0x00007ff81c169000 	/usr/lib/system/libsystem_malloc.dylib
0x00007ff821285000 	/usr/lib/system/libsystem_networkextension.dylib
0x00007ff81edb1000 	/usr/lib/system/libsystem_notify.dylib
0x00007ff82d3b6000 	/usr/lib/system/libsystem_product_info_filter.dylib
0x00007ff825a16000 	/usr/lib/system/libsystem_sandbox.dylib
0x00007ff827135000 	/usr/lib/system/libsystem_secinit.dylib
0x00007ff81c311000 	/usr/lib/system/libsystem_kernel.dylib
0x00007ff81c361000 	/usr/lib/system/libsystem_platform.dylib
0x00007ff81c349000 	/usr/lib/system/libsystem_pthread.dylib
0x00007ff822b38000 	/usr/lib/system/libsystem_symptoms.dylib
0x00007ff81c0be000 	/usr/lib/system/libsystem_trace.dylib
0x00007ff82710b000 	/usr/lib/system/libunwind.dylib
0x00007ff81c082000 	/usr/lib/system/libxpc.dylib
0x00007ff81c2fb000 	/usr/lib/libc++abi.dylib
0x00007ff827116000 	/usr/lib/liboah.dylib
0x00007ff82789c000 	/usr/lib/liblzma.5.dylib
0x00007ff81cf24000 	/System/Library/Frameworks/SystemConfiguration.framework/Versions/A/SystemConfiguration
0x00007ff82714a000 	/usr/lib/libfakelink.dylib
0x00007ff820df5000 	/System/Library/Frameworks/CFNetwork.framework/Versions/A/CFNetwork
0x00007ff82728b000 	/usr/lib/libarchive.2.dylib
0x00007ff825a1e000 	/System/Library/PrivateFrameworks/AppleSystemInfo.framework/Versions/A/AppleSystemInfo
0x00007ff826785000 	/usr/lib/libbsm.0.dylib
0x00007ff820404000 	/usr/lib/libnetwork.dylib
0x00007ff8270e3000 	/usr/lib/system/libkxld.dylib
0x00007ff8263b8000 	/System/Library/PrivateFrameworks/IOMobileFramebuffer.framework/Versions/A/IOMobileFramebuffer
0x00007ffb34b05000 	/usr/lib/libCoreEntitlements.dylib
0x00007ff826df7000 	/System/Library/PrivateFrameworks/AppleFSCompression.framework/Versions/A/AppleFSCompression
0x00007ff82676d000 	/usr/lib/libcoretls.dylib
0x00007ff8278b6000 	/usr/lib/libcoretls_cfhelpers.dylib
0x00007ff8273cd000 	/usr/lib/libpam.2.dylib
0x00007ff822757000 	/usr/lib/libsqlite3.dylib
0x00007ff827925000 	/usr/lib/libxar.1.dylib
0x00007ff826e07000 	/usr/lib/libbz2.1.0.dylib
0x00007ff82714f000 	/usr/lib/libpcap.A.dylib
0x00007ff822b30000 	/usr/lib/libdns_services.dylib
0x00007ff82739d000 	/usr/lib/libapple_nghttp2.dylib
0x00007ff827189000 	/usr/lib/libiconv.2.dylib
0x00007ff8270dc000 	/usr/lib/libcharset.1.dylib
0x00007ff823a8e000 	/System/Library/Frameworks/CoreServices.framework/Versions/A/Frameworks/FSEvents.framework/Versions/A/FSEvents
0x00007ff81e995000 	/System/Library/Frameworks/CoreServices.framework/Versions/A/Frameworks/CarbonCore.framework/Versions/A/CarbonCore
0x00007ff822d79000 	/System/Library/Frameworks/CoreServices.framework/Versions/A/Frameworks/Metadata.framework/Versions/A/Metadata
0x00007ff826e1a000 	/System/Library/Frameworks/CoreServices.framework/Versions/A/Frameworks/OSServices.framework/Versions/A/OSServices
0x00007ff827312000 	/System/Library/Frameworks/CoreServices.framework/Versions/A/Frameworks/SearchKit.framework/Versions/A/SearchKit
0x00007ff822ac2000 	/System/Library/Frameworks/CoreServices.framework/Versions/A/Frameworks/AE.framework/Versions/A/AE
0x00007ff81c899000 	/System/Library/Frameworks/CoreServices.framework/Versions/A/Frameworks/LaunchServices.framework/Versions/A/LaunchServices
0x00007ff82784d000 	/System/Library/Frameworks/CoreServices.framework/Versions/A/Frameworks/DictionaryServices.framework/Versions/A/DictionaryServices
0x00007ff823a9b000 	/System/Library/Frameworks/CoreServices.framework/Versions/A/Frameworks/SharedFileList.framework/Versions/A/SharedFileList
0x00007ff826761000 	/usr/lib/libCheckFix.dylib
0x00007ff821301000 	/System/Library/PrivateFrameworks/TCC.framework/Versions/A/TCC
0x00007ff825a24000 	/System/Library/PrivateFrameworks/CoreNLP.framework/Versions/A/CoreNLP
0x00007ff822d29000 	/System/Library/PrivateFrameworks/MetadataUtilities.framework/Versions/A/MetadataUtilities
0x00007ff81cfd5000 	/usr/lib/libmecabra.dylib
0x00007ff826795000 	/usr/lib/libmecab.dylib
0x00007ff81cfa0000 	/usr/lib/libCRFSuite.dylib
0x00007ff8267ef000 	/usr/lib/libgermantok.dylib
0x00007ff827378000 	/usr/lib/libThaiTokenizer.dylib
0x00007ff822e1c000 	/System/Library/Frameworks/Accelerate.framework/Versions/A/Frameworks/vImage.framework/Versions/A/vImage
0x00007ff82d4b8000 	/System/Library/Frameworks/Accelerate.framework/Versions/A/Frameworks/vecLib.framework/Versions/A/vecLib
0x00007ff827966000 	/System/Library/Frameworks/Accelerate.framework/Versions/A/Frameworks/vecLib.framework/Versions/A/libvMisc.dylib
0x00007ff8261e3000 	/System/Library/Frameworks/Accelerate.framework/Versions/A/Frameworks/vecLib.framework/Versions/A/libvDSP.dylib
0x00007ff81cc14000 	/System/Library/Frameworks/Accelerate.framework/Versions/A/Frameworks/vecLib.framework/Versions/A/libBLAS.dylib
0x00007ff8274af000 	/System/Library/Frameworks/Accelerate.framework/Versions/A/Frameworks/vecLib.framework/Versions/A/libLAPACK.dylib
0x00007ff8267f2000 	/System/Library/Frameworks/Accelerate.framework/Versions/A/Frameworks/vecLib.framework/Versions/A/libLinearAlgebra.dylib
0x00007ff8273b5000 	/System/Library/Frameworks/Accelerate.framework/Versions/A/Frameworks/vecLib.framework/Versions/A/libSparseBLAS.dylib
0x00007ff8274a9000 	/System/Library/Frameworks/Accelerate.framework/Versions/A/Frameworks/vecLib.framework/Versions/A/libQuadrature.dylib
0x00007ff825b0f000 	/System/Library/Frameworks/Accelerate.framework/Versions/A/Frameworks/vecLib.framework/Versions/A/libBNNS.dylib
0x00007ff81ceae000 	/System/Library/Frameworks/Accelerate.framework/Versions/A/Frameworks/vecLib.framework/Versions/A/libSparse.dylib
0x00007ff825b08000 	/System/Library/PrivateFrameworks/LinguisticData.framework/Versions/A/LinguisticData
0x00007ff81ce64000 	/System/Library/PrivateFrameworks/Lexicon.framework/Versions/A/Lexicon
0x00007ff82795f000 	/usr/lib/libChineseTokenizer.dylib
0x00007ff81d5cf000 	/System/Library/PrivateFrameworks/LanguageModeling.framework/Versions/A/LanguageModeling
0x00007ff82737a000 	/System/Library/PrivateFrameworks/AppleSauce.framework/Versions/A/AppleSauce
0x00007ff8263a6000 	/System/Library/PrivateFrameworks/CoreEmoji.framework/Versions/A/CoreEmoji
0x00007ff82727a000 	/usr/lib/libcmph.dylib
0x00007ff823a72000 	/System/Library/Frameworks/OpenDirectory.framework/Versions/A/Frameworks/CFOpenDirectory.framework/Versions/A/CFOpenDirectory
0x00007ff823a66000 	/System/Library/Frameworks/OpenDirectory.framework/Versions/A/OpenDirectory
0x00007ff8278b8000 	/System/Library/PrivateFrameworks/APFS.framework/Versions/A/APFS
0x00007ff8266bc000 	/System/Library/Frameworks/SecurityFoundation.framework/Versions/A/SecurityFoundation
0x00007ff827933000 	/usr/lib/libutil.dylib
0x00007ff81ecbf000 	/System/Library/PrivateFrameworks/CoreServicesStore.framework/Versions/A/CoreServicesStore
0x00007ff827937000 	/usr/lib/libxslt.1.dylib
0x00007ff826749000 	/System/Library/PrivateFrameworks/BackgroundTaskManagement.framework/Versions/A/BackgroundTaskManagement
0x00007ff828da2000 	/System/Library/Frameworks/ImageIO.framework/Versions/A/Resources/libRadiance.dylib
0x00007ff828dab000 	/System/Library/Frameworks/ImageIO.framework/Versions/A/Resources/libJPEG.dylib
0x00007ff828cfc000 	/System/Library/Frameworks/ImageIO.framework/Versions/A/Resources/libPng.dylib
0x00007ff828d1d000 	/System/Library/Frameworks/ImageIO.framework/Versions/A/Resources/libTIFF.dylib
0x00007ff828e0b000 	/System/Library/Frameworks/ImageIO.framework/Versions/A/Resources/libGIF.dylib
0x00007ff828637000 	/System/Library/Frameworks/ImageIO.framework/Versions/A/Resources/libJP2.dylib
0x00007ff827d75000 	/usr/lib/libexpat.1.dylib
0x00007ff8285ec000 	/System/Library/PrivateFrameworks/AppleJPEG.framework/Versions/A/AppleJPEG
0x00007ff824f58000 	/System/Library/PrivateFrameworks/FontServices.framework/libFontParser.dylib
0x00007ff822a6c000 	/System/Library/PrivateFrameworks/RunningBoardServices.framework/Versions/A/RunningBoardServices
0x00007ff833772000 	/System/Library/PrivateFrameworks/IOSurfaceAccelerator.framework/Versions/A/IOSurfaceAccelerator
0x00007ff828719000 	/System/Library/PrivateFrameworks/WatchdogClient.framework/Versions/A/WatchdogClient
0x00007ff81d6bd000 	/System/Library/Frameworks/CoreDisplay.framework/Versions/A/CoreDisplay
0x00007ff824e56000 	/System/Library/Frameworks/CoreMedia.framework/Versions/A/CoreMedia
0x00007ff824cea000 	/System/Library/PrivateFrameworks/IOAccelerator.framework/Versions/A/IOAccelerator
0x00007ff823bef000 	/System/Library/Frameworks/CoreVideo.framework/Versions/A/CoreVideo
0x00007ff8273cb000 	/System/Library/Frameworks/MetalPerformanceShaders.framework/Versions/A/MetalPerformanceShaders
0x00007ff828756000 	/System/Library/Frameworks/VideoToolbox.framework/Versions/A/VideoToolbox
0x00007ff8229b6000 	/System/Library/PrivateFrameworks/BaseBoard.framework/Versions/A/BaseBoard
0x00007ff82273d000 	/System/Library/PrivateFrameworks/ProtocolBuffer.framework/Versions/A/ProtocolBuffer
0x00007ff828d9b000 	/System/Library/PrivateFrameworks/GPUWrangler.framework/Versions/A/GPUWrangler
0x00007ff828d7f000 	/System/Library/PrivateFrameworks/IOPresentment.framework/Versions/A/IOPresentment
0x00007ff828da5000 	/System/Library/PrivateFrameworks/DSExternalDisplay.framework/Versions/A/DSExternalDisplay
0x00007ffa3512f000 	/System/Library/Frameworks/OpenGL.framework/Versions/A/Libraries/libCoreFSCache.dylib
0x00007ffb22206000 	/System/Library/PrivateFrameworks/GPUCompiler.framework/Versions/31001/Libraries/libGPUCompilerUtils.dylib
0x00007ff828e10000 	/System/Library/PrivateFrameworks/CMCaptureCore.framework/Versions/A/CMCaptureCore
0x00007ff82831d000 	/System/Library/PrivateFrameworks/AppServerSupport.framework/Versions/A/AppServerSupport
0x00007ff82a5de000 	/System/Library/PrivateFrameworks/perfdata.framework/Versions/A/perfdata
0x00007ff81d7e9000 	/System/Library/PrivateFrameworks/AudioToolboxCore.framework/Versions/A/AudioToolboxCore
0x00007ff824e34000 	/System/Library/PrivateFrameworks/caulk.framework/Versions/A/caulk
0x00007ff829ef0000 	/usr/lib/libAudioStatistics.dylib
0x00007ff921be7000 	/System/Library/PrivateFrameworks/SystemPolicy.framework/Versions/A/SystemPolicy
0x00007ff82a14b000 	/usr/lib/libSMC.dylib
0x00007ff83306a000 	/System/Library/Frameworks/CoreMIDI.framework/Versions/A/CoreMIDI
0x00007ff828ccb000 	/usr/lib/libAudioToolboxUtility.dylib
0x00007ff91de13000 	/System/Library/PrivateFrameworks/OSAServicesClient.framework/Versions/A/OSAServicesClient
0x00007ff82a5eb000 	/usr/lib/libperfcheck.dylib
0x00007ff922694000 	/usr/lib/libmis.dylib
0x00007ffa3518a000 	/System/Library/Frameworks/OpenGL.framework/Versions/A/Libraries/libGLU.dylib
0x00007ffa3514e000 	/System/Library/Frameworks/OpenGL.framework/Versions/A/Libraries/libGFXShared.dylib
0x00007ffa35357000 	/System/Library/Frameworks/OpenGL.framework/Versions/A/Libraries/libGL.dylib
0x00007ffa35157000 	/System/Library/Frameworks/OpenGL.framework/Versions/A/Libraries/libGLImage.dylib
0x00007ffa3514b000 	/System/Library/Frameworks/OpenGL.framework/Versions/A/Libraries/libCVMSPluginSupport.dylib
0x00007ffa35136000 	/System/Library/Frameworks/OpenGL.framework/Versions/A/Libraries/libCoreVMClient.dylib
0x00007ff8259a0000 	/System/Library/Frameworks/MetalPerformanceShaders.framework/Versions/A/Frameworks/MPSCore.framework/Versions/A/MPSCore
0x00007ff826d62000 	/System/Library/Frameworks/MetalPerformanceShaders.framework/Versions/A/Frameworks/MPSImage.framework/Versions/A/MPSImage
0x00007ff826808000 	/System/Library/Frameworks/MetalPerformanceShaders.framework/Versions/A/Frameworks/MPSNeuralNetwork.framework/Versions/A/MPSNeuralNetwork
0x00007ff826c7c000 	/System/Library/Frameworks/MetalPerformanceShaders.framework/Versions/A/Frameworks/MPSMatrix.framework/Versions/A/MPSMatrix
0x00007ff826a37000 	/System/Library/Frameworks/MetalPerformanceShaders.framework/Versions/A/Frameworks/MPSRayIntersector.framework/Versions/A/MPSRayIntersector
0x00007ff826cb4000 	/System/Library/Frameworks/MetalPerformanceShaders.framework/Versions/A/Frameworks/MPSNDArray.framework/Versions/A/MPSNDArray
0x00007ffa3ac0f000 	/System/Library/Frameworks/MetalPerformanceShaders.framework/Versions/A/Frameworks/MPSFunctions.framework/Versions/A/MPSFunctions
0x00007ff81caf0000 	/System/Library/PrivateFrameworks/MetalTools.framework/Versions/A/MetalTools
0x00007ff825a1c000 	/System/Library/PrivateFrameworks/AggregateDictionary.framework/Versions/A/AggregateDictionary
0x00007ff827b57000 	/usr/lib/libIOReport.dylib
0x00007ffa36766000 	/System/Library/Frameworks/OpenCL.framework/Versions/A/OpenCL
0x00007ff827ebb000 	/System/Library/PrivateFrameworks/FaceCore.framework/Versions/A/FaceCore
0x00007ff827eac000 	/System/Library/PrivateFrameworks/GraphVisualizer.framework/Versions/A/GraphVisualizer
0x00007ffb22111000 	/System/Library/PrivateFrameworks/FontServices.framework/Versions/A/FontServices
0x00007ff8282d5000 	/System/Library/PrivateFrameworks/OTSVG.framework/Versions/A/OTSVG
0x00007ff8237d6000 	/System/Library/Frameworks/ApplicationServices.framework/Versions/A/Frameworks/ATS.framework/Versions/A/Resources/libFontRegistry.dylib
0x00007ff828325000 	/System/Library/PrivateFrameworks/FontServices.framework/libhvf.dylib
0x00007ffb22112000 	/System/Library/PrivateFrameworks/FontServices.framework/libXTFontStaticRegistryData.dylib
0x00007ff827d25000 	/System/Library/PrivateFrameworks/AppleVA.framework/Versions/A/AppleVA
0x00007ff829f10000 	/System/Library/Frameworks/ApplicationServices.framework/Versions/A/Frameworks/ATS.framework/Versions/A/ATS
0x00007ff821e83000 	/System/Library/Frameworks/ApplicationServices.framework/Versions/A/Frameworks/HIServices.framework/Versions/A/HIServices
0x00007ff828e1a000 	/System/Library/Frameworks/ApplicationServices.framework/Versions/A/Frameworks/PrintCore.framework/Versions/A/PrintCore
0x00007ff82a29e000 	/System/Library/Frameworks/ApplicationServices.framework/Versions/A/Frameworks/QD.framework/Versions/A/QD
0x00007ff82a296000 	/System/Library/Frameworks/ApplicationServices.framework/Versions/A/Frameworks/ColorSyncLegacy.framework/Versions/A/ColorSyncLegacy
0x00007ff829f00000 	/System/Library/Frameworks/ApplicationServices.framework/Versions/A/Frameworks/SpeechSynthesis.framework/Versions/A/SpeechSynthesis
0x00007ff828ddb000 	/System/Library/Frameworks/ApplicationServices.framework/Versions/A/Frameworks/ATSUI.framework/Versions/A/ATSUI
0x00007ff82a22b000 	/usr/lib/libcups.2.dylib
0x00007ff82a5fa000 	/System/Library/Frameworks/Kerberos.framework/Versions/A/Kerberos
0x00007ff82a609000 	/System/Library/Frameworks/GSS.framework/Versions/A/GSS
0x00007ff829f7c000 	/usr/lib/libresolv.9.dylib
0x00007ff828334000 	/System/Library/PrivateFrameworks/Heimdal.framework/Versions/A/Heimdal
0x00007ff8311ed000 	/System/Library/Frameworks/Kerberos.framework/Versions/A/Libraries/libHeimdalProxy.dylib
0x00007ff822b40000 	/System/Library/Frameworks/Network.framework/Versions/A/Network
0x00007ff827d8f000 	/usr/lib/libheimdal-asn1.dylib
0x00007ff82a654000 	/System/Library/PrivateFrameworks/CommonAuth.framework/Versions/A/CommonAuth
0x00007ff829e82000 	/System/Library/PrivateFrameworks/AudioSession.framework/Versions/A/AudioSession
0x00007ff827e1f000 	/System/Library/PrivateFrameworks/MediaExperience.framework/Versions/A/MediaExperience
0x00007ff829d14000 	/System/Library/PrivateFrameworks/AudioSession.framework/libSessionUtility.dylib
0x00007ff82a2aa000 	/System/Library/PrivateFrameworks/AudioResourceArbitration.framework/Versions/A/AudioResourceArbitration
0x00007ff82e32b000 	/System/Library/PrivateFrameworks/PowerLog.framework/Versions/A/PowerLog
0x00007ff827d98000 	/System/Library/PrivateFrameworks/IconFoundation.framework/Versions/A/IconFoundation
0x00007ff82d0e1000 	/System/Library/PrivateFrameworks/SpeechRecognitionCore.framework/Versions/A/SpeechRecognitionCore
0x00007ffa21baa000 	/System/Library/CoreServices/Encodings/libJapaneseConverter.dylib
0x000000010cdc5000 	/Library/Java/JavaVirtualMachines/jdk-11.0.15.1.jdk/Contents/Home/lib/server/libjvm.dylib
0x000000010c076000 	/Library/Java/JavaVirtualMachines/jdk-11.0.15.1.jdk/Contents/Home/lib/libverify.dylib
0x000000010c0b2000 	/Library/Java/JavaVirtualMachines/jdk-11.0.15.1.jdk/Contents/Home/lib/libjava.dylib
0x000000010c086000 	/Library/Java/JavaVirtualMachines/jdk-11.0.15.1.jdk/Contents/Home/lib/libjimage.dylib
0x000000010c11a000 	/Library/Java/JavaVirtualMachines/jdk-11.0.15.1.jdk/Contents/Home/lib/libjdwp.dylib
0x000000010c0a1000 	/Library/Java/JavaVirtualMachines/jdk-11.0.15.1.jdk/Contents/Home/lib/libinstrument.dylib
0x000000010c0de000 	/Library/Java/JavaVirtualMachines/jdk-11.0.15.1.jdk/Contents/Home/lib/libzip.dylib
0x000000010c105000 	/Library/Java/JavaVirtualMachines/jdk-11.0.15.1.jdk/Contents/Home/lib/libdt_socket.dylib
0x000000010cbc1000 	/Library/Java/JavaVirtualMachines/jdk-11.0.15.1.jdk/Contents/Home/lib/libnio.dylib
0x000000010cbec000 	/Library/Java/JavaVirtualMachines/jdk-11.0.15.1.jdk/Contents/Home/lib/libnet.dylib
0x000000010c10f000 	/Library/Java/JavaVirtualMachines/jdk-11.0.15.1.jdk/Contents/Home/lib/libmanagement.dylib
0x000000010cbd3000 	/Library/Java/JavaVirtualMachines/jdk-11.0.15.1.jdk/Contents/Home/lib/libmanagement_ext.dylib
0x000000010cbaf000 	/Library/Java/JavaVirtualMachines/jdk-11.0.15.1.jdk/Contents/Home/lib/libextnet.dylib
0x000000010cc2e000 	/Library/Java/JavaVirtualMachines/jdk-11.0.15.1.jdk/Contents/Home/lib/libsunec.dylib


VM Arguments:
jvm_args: -agentlib:jdwp=transport=dt_socket,suspend=y,address=localhost:59967 -Dcom.sun.management.jmxremote -Dcom.sun.management.jmxremote.port=59966 -Dcom.sun.management.jmxremote.authenticate=false -Dcom.sun.management.jmxremote.ssl=false -Djava.rmi.server.hostname=localhost -Dspring.jmx.enabled=true -Dspring.application.admin.enabled=true -Djava.security.egd=file:/dev/./urandom -XX:TieredStopAtLevel=1 -Dspring.boot.project.name=RelyingPartyWebsite -javaagent:/Applications/Eclipse.app/Contents/Eclipse/configuration/org.eclipse.osgi/741/0/.cp/lib/javaagent-shaded.jar -Dfile.encoding=UTF-8 
java_command: com.planetway.relyingpartyapp.RelyingPartyWebsiteApplication
java_class_path (initial): /Users/may/git/RelyingPartyDEMO/RelyingPartyWebsite/target/classes:/Users/may/.m2/repository/org/springframework/boot/spring-boot-starter-data-jpa/2.3.0.RELEASE/spring-boot-starter-data-jpa-2.3.0.RELEASE.jar:/Users/may/.m2/repository/org/springframework/boot/spring-boot-starter-aop/2.3.0.RELEASE/spring-boot-starter-aop-2.3.0.RELEASE.jar:/Users/may/.m2/repository/org/aspectj/aspectjweaver/1.9.5/aspectjweaver-1.9.5.jar:/Users/may/.m2/repository/org/springframework/boot/spring-boot-starter-jdbc/2.3.0.RELEASE/spring-boot-starter-jdbc-2.3.0.RELEASE.jar:/Users/may/.m2/repository/com/zaxxer/HikariCP/3.4.5/HikariCP-3.4.5.jar:/Users/may/.m2/repository/org/springframework/spring-jdbc/5.2.6.RELEASE/spring-jdbc-5.2.6.RELEASE.jar:/Users/may/.m2/repository/jakarta/transaction/jakarta.transaction-api/1.3.3/jakarta.transaction-api-1.3.3.jar:/Users/may/.m2/repository/jakarta/persistence/jakarta.persistence-api/2.2.3/jakarta.persistence-api-2.2.3.jar:/Users/may/.m2/repository/org/hibernate/hibernate-core/5.4.15.Final/hibernate-core-5.4.15.Final.jar:/Users/may/.m2/repository/org/jboss/logging/jboss-logging/3.4.1.Final/jboss-logging-3.4.1.Final.jar:/Users/may/.m2/repository/org/javassist/javassist/3.24.0-GA/javassist-3.24.0-GA.jar:/Users/may/.m2/repository/net/bytebuddy/byte-buddy/1.10.10/byte-buddy-1.10.10.jar:/Users/may/.m2/repository/antlr/antlr/2.7.7/antlr-2.7.7.jar:/Users/may/.m2/repository/org/jboss/jandex/2.1.3.Final/jandex-2.1.3.Final.jar:/Users/may/.m2/repository/com/fasterxml/classmate/1.5.1/classmate-1.5.1.jar:/Users/may/.m2/repository/org/dom4j/dom4j/2.1.3/dom4j-2.1.3.jar:/Users/may/.m2/repository/org/hibernate/common/hibernate-commons-annotations/5.1.0.Final/hibernate-commons-annotations-5.1.0.Final.jar:/Users/may/.m2/repository/org/glassfish/jaxb/jaxb-runtime/2.3.3/jaxb-runtime-2.3.3.jar:/Users/may/.m2/repository/org/glassfish/jaxb/txw2/2.3.3/txw2-2.3.3.jar:/Users/may/.m2/repository/com/sun/istack/istack-commons-runtime/3.0.11/istack-commons-r
Launcher Type: SUN_STANDARD

[Global flags]
     intx CICompilerCount                          = 3                                         {product} {ergonomic}
     uint ConcGCThreads                            = 1                                         {product} {ergonomic}
     uint G1ConcRefinementThreads                  = 4                                         {product} {ergonomic}
   size_t G1HeapRegionSize                         = 1048576                                   {product} {ergonomic}
    uintx GCDrainStackTargetSize                   = 64                                        {product} {ergonomic}
   size_t InitialHeapSize                          = 134217728                                 {product} {ergonomic}
     bool ManagementServer                         = true                                      {product} {command line}
   size_t MarkStackSize                            = 4194304                                   {product} {ergonomic}
   size_t MaxHeapSize                              = 2147483648                                {product} {ergonomic}
   size_t MaxNewSize                               = 1287651328                                {product} {ergonomic}
   size_t MinHeapDeltaBytes                        = 1048576                                   {product} {ergonomic}
    uintx NonNMethodCodeHeapSize                   = 6973028                                {pd product} {ergonomic}
    uintx NonProfiledCodeHeapSize                  = 244685212                              {pd product} {ergonomic}
    uintx ProfiledCodeHeapSize                     = 0                                      {pd product} {ergonomic}
    uintx ReservedCodeCacheSize                    = 251658240                              {pd product} {ergonomic}
     bool SegmentedCodeCache                       = true                                      {product} {ergonomic}
     intx TieredStopAtLevel                        = 1                                         {product} {command line}
     bool UseCompressedClassPointers               = true                                 {lp64_product} {ergonomic}
     bool UseCompressedOops                        = true                                 {lp64_product} {ergonomic}
     bool UseG1GC                                  = true                                      {product} {ergonomic}

Logging:
